Arguments: 
  /home/gi0210lee/.nvm/versions/node/v12.18.3/bin/node /home/gi0210lee/.nvm/versions/node/v12.18.3/bin/yarn add graphql-yog

PATH: 
  /home/gi0210lee/.pyenv/plugins/pyenv-virtualenv/shims:/home/gi0210lee/.pyenv/shims:/home/gi0210lee/.pyenv/bin:/home/gi0210lee/.vscode-server/bin/d2e414d9e4239a252d1ab117bd7067f125afd80a/bin:/home/gi0210lee/.nvm/versions/node/v12.18.3/bin:/home/gi0210lee/.pyenv/plugins/pyenv-virtualenv/shims:/home/gi0210lee/.pyenv/shims:/home/gi0210lee/.pyenv/bin:/usr/local/sbin:/usr/local/bin:/usr/sbin:/usr/bin:/sbin:/bin:/usr/games:/usr/local/games:/mnt/c/WINDOWS/system32:/mnt/c/WINDOWS:/mnt/c/WINDOWS/System32/Wbem:/mnt/c/WINDOWS/System32/WindowsPowerShell/v1.0/:/mnt/c/WINDOWS/System32/OpenSSH/:/mnt/c/Users/gy/AppData/Local/Microsoft/WindowsApps:/mnt/c/Users/gy/AppData/Local/Programs/Microsoft VS Code/bin:/mnt/c/Program Files/Bandizip/

Yarn version: 
  1.22.4

Node version: 
  12.18.3

Platform: 
  linux x64

Trace: 
  Error: https://registry.yarnpkg.com/graphql-yog: Not found
      at Request.params.callback [as _callback] (/home/gi0210lee/.nvm/versions/node/v12.18.3/lib/node_modules/yarn/lib/cli.js:66987:18)
      at Request.self.callback (/home/gi0210lee/.nvm/versions/node/v12.18.3/lib/node_modules/yarn/lib/cli.js:140748:22)
      at Request.emit (events.js:315:20)
      at Request.<anonymous> (/home/gi0210lee/.nvm/versions/node/v12.18.3/lib/node_modules/yarn/lib/cli.js:141720:10)
      at Request.emit (events.js:315:20)
      at IncomingMessage.<anonymous> (/home/gi0210lee/.nvm/versions/node/v12.18.3/lib/node_modules/yarn/lib/cli.js:141642:12)
      at Object.onceWrapper (events.js:421:28)
      at IncomingMessage.emit (events.js:327:22)
      at endReadableNT (_stream_readable.js:1220:12)
      at processTicksAndRejections (internal/process/task_queues.js:84:21)

npm manifest: 
  {
    "name": "movieql",
    "version": "1.0.0",
    "description": "Movie API with GraphQL",
    "main": "index.js",
    "repository": "https://github.com/gi0210lee/movieql.git",
    "license": "MIT"
  }

yarn manifest: 
  No manifest

Lockfile: 
  No lockfile
